<?xml version="1.0" encoding="UTF-8" ?>
<testsuite failures="0" time="0.183" errors="0" skipped="0" tests="2" name="com.nancydeschenes.AppTest">
  <properties>
    <property name="java.runtime.name" value="Java(TM) SE Runtime Environment"/>
    <property name="sun.boot.library.path" value="/System/Library/Java/JavaVirtualMachines/1.6.0.jdk/Contents/Libraries"/>
    <property name="java.vm.version" value="17.1-b03-307"/>
    <property name="awt.nativeDoubleBuffering" value="true"/>
    <property name="gopherProxySet" value="false"/>
    <property name="mrj.build" value="10M3261"/>
    <property name="java.vm.vendor" value="Apple Inc."/>
    <property name="java.vendor.url" value="http://www.apple.com/"/>
    <property name="path.separator" value=":"/>
    <property name="java.vm.name" value="Java HotSpot(TM) 64-Bit Server VM"/>
    <property name="file.encoding.pkg" value="sun.io"/>
    <property name="user.country" value="US"/>
    <property name="sun.java.launcher" value="SUN_STANDARD"/>
    <property name="sun.os.patch.level" value="unknown"/>
    <property name="java.vm.specification.name" value="Java Virtual Machine Specification"/>
    <property name="user.dir" value="/Users/nancyd/Workspaces/Galileo/scalastuff/mosaique"/>
    <property name="java.runtime.version" value="1.6.0_22-b04-307-10M3261"/>
    <property name="java.awt.graphicsenv" value="apple.awt.CGraphicsEnvironment"/>
    <property name="basedir" value="/Users/nancyd/Workspaces/Galileo/scalastuff/mosaique"/>
    <property name="java.endorsed.dirs" value="/System/Library/Java/JavaVirtualMachines/1.6.0.jdk/Contents/Home/lib/endorsed"/>
    <property name="os.arch" value="x86_64"/>
    <property name="surefire.real.class.path" value="/var/folders/8C/8C4KXhZMFUuedNRSW+A4GE+++TI/-Tmp-/surefirebooter2066103275681398685.jar"/>
    <property name="java.io.tmpdir" value="/var/folders/8C/8C4KXhZMFUuedNRSW+A4GE+++TI/-Tmp-/"/>
    <property name="line.separator" value="
"/>
    <property name="java.vm.specification.vendor" value="Sun Microsystems Inc."/>
    <property name="os.name" value="Mac OS X"/>
    <property name="sun.jnu.encoding" value="MacRoman"/>
    <property name="java.library.path" value=".:/Library/Java/Extensions:/System/Library/Java/Extensions:/usr/lib/java"/>
    <property name="surefire.test.class.path" value="/Users/nancyd/Workspaces/Galileo/scalastuff/mosaique/target/test-classes:/Users/nancyd/Workspaces/Galileo/scalastuff/mosaique/target/classes:/Users/nancyd/.m2/repository/net/liftweb/lift-mapper/2.0-scala280-SNAPSHOT/lift-mapper-2.0-scala280-SNAPSHOT.jar:/Users/nancyd/.m2/repository/net/liftweb/lift-webkit/2.0-scala280-SNAPSHOT/lift-webkit-2.0-scala280-SNAPSHOT.jar:/Users/nancyd/.m2/repository/net/liftweb/lift-util/2.0-scala280-SNAPSHOT/lift-util-2.0-scala280-SNAPSHOT.jar:/Users/nancyd/.m2/repository/net/liftweb/lift-actor/2.0-scala280-SNAPSHOT/lift-actor-2.0-scala280-SNAPSHOT.jar:/Users/nancyd/.m2/repository/net/liftweb/lift-common/2.0-scala280-SNAPSHOT/lift-common-2.0-scala280-SNAPSHOT.jar:/Users/nancyd/.m2/repository/org/slf4j/slf4j-api/1.5.11/slf4j-api-1.5.11.jar:/Users/nancyd/.m2/repository/log4j/log4j/1.2.14/log4j-1.2.14.jar:/Users/nancyd/.m2/repository/org/scala-lang/scala-library/2.8.0.RC6/scala-library-2.8.0.RC6.jar:/Users/nancyd/.m2/repository/net/liftweb/lift-json/2.0-scala280-SNAPSHOT/lift-json-2.0-scala280-SNAPSHOT.jar:/Users/nancyd/.m2/repository/com/thoughtworks/paranamer/paranamer/2.0/paranamer-2.0.jar:/Users/nancyd/.m2/repository/javax/mail/mail/1.4.1/mail-1.4.1.jar:/Users/nancyd/.m2/repository/javax/activation/activation/1.1/activation-1.1.jar:/Users/nancyd/.m2/repository/commons-codec/commons-codec/1.3/commons-codec-1.3.jar:/Users/nancyd/.m2/repository/joda-time/joda-time/1.6/joda-time-1.6.jar:/Users/nancyd/.m2/repository/org/slf4j/slf4j-log4j12/1.5.11/slf4j-log4j12-1.5.11.jar:/Users/nancyd/.m2/repository/net/liftweb/lift-testkit/2.0-scala280-SNAPSHOT/lift-testkit-2.0-scala280-SNAPSHOT.jar:/Users/nancyd/.m2/repository/commons-httpclient/commons-httpclient/3.1/commons-httpclient-3.1.jar:/Users/nancyd/.m2/repository/commons-logging/commons-logging/1.0.4/commons-logging-1.0.4.jar:/Users/nancyd/.m2/repository/commons-fileupload/commons-fileupload/1.2.1/commons-fileupload-1.2.1.jar:/Users/nancyd/.m2/repository/com/h2database/h2/1.2.134/h2-1.2.134.jar:/Users/nancyd/.m2/repository/org/apache/derby/derby/10.5.3.0_1/derby-10.5.3.0_1.jar:/Users/nancyd/.m2/repository/javax/servlet/servlet-api/2.5/servlet-api-2.5.jar:/Users/nancyd/.m2/repository/junit/junit/4.7/junit-4.7.jar:/Users/nancyd/.m2/repository/org/mortbay/jetty/jetty/6.1.26/jetty-6.1.26.jar:/Users/nancyd/.m2/repository/org/mortbay/jetty/jetty-util/6.1.26/jetty-util-6.1.26.jar:/Users/nancyd/.m2/repository/org/mortbay/jetty/servlet-api/2.5-20081211/servlet-api-2.5-20081211.jar:/Users/nancyd/.m2/repository/org/scala-lang/scala-compiler/2.8.0.RC6/scala-compiler-2.8.0.RC6.jar:"/>
    <property name="java.specification.name" value="Java Platform API Specification"/>
    <property name="java.class.version" value="50.0"/>
    <property name="sun.management.compiler" value="HotSpot 64-Bit Server Compiler"/>
    <property name="os.version" value="10.6.5"/>
    <property name="http.nonProxyHosts" value="local|*.local|169.254/16|*.169.254/16"/>
    <property name="user.home" value="/Users/nancyd"/>
    <property name="user.timezone" value="America/Montreal"/>
    <property name="java.awt.printerjob" value="apple.awt.CPrinterJob"/>
    <property name="java.specification.version" value="1.6"/>
    <property name="file.encoding" value="MacRoman"/>
    <property name="user.name" value="nancyd"/>
    <property name="java.class.path" value="/Users/nancyd/Workspaces/Galileo/scalastuff/mosaique/target/test-classes:/Users/nancyd/Workspaces/Galileo/scalastuff/mosaique/target/classes:/Users/nancyd/.m2/repository/net/liftweb/lift-mapper/2.0-scala280-SNAPSHOT/lift-mapper-2.0-scala280-SNAPSHOT.jar:/Users/nancyd/.m2/repository/net/liftweb/lift-webkit/2.0-scala280-SNAPSHOT/lift-webkit-2.0-scala280-SNAPSHOT.jar:/Users/nancyd/.m2/repository/net/liftweb/lift-util/2.0-scala280-SNAPSHOT/lift-util-2.0-scala280-SNAPSHOT.jar:/Users/nancyd/.m2/repository/net/liftweb/lift-actor/2.0-scala280-SNAPSHOT/lift-actor-2.0-scala280-SNAPSHOT.jar:/Users/nancyd/.m2/repository/net/liftweb/lift-common/2.0-scala280-SNAPSHOT/lift-common-2.0-scala280-SNAPSHOT.jar:/Users/nancyd/.m2/repository/org/slf4j/slf4j-api/1.5.11/slf4j-api-1.5.11.jar:/Users/nancyd/.m2/repository/log4j/log4j/1.2.14/log4j-1.2.14.jar:/Users/nancyd/.m2/repository/org/scala-lang/scala-library/2.8.0.RC6/scala-library-2.8.0.RC6.jar:/Users/nancyd/.m2/repository/net/liftweb/lift-json/2.0-scala280-SNAPSHOT/lift-json-2.0-scala280-SNAPSHOT.jar:/Users/nancyd/.m2/repository/com/thoughtworks/paranamer/paranamer/2.0/paranamer-2.0.jar:/Users/nancyd/.m2/repository/javax/mail/mail/1.4.1/mail-1.4.1.jar:/Users/nancyd/.m2/repository/javax/activation/activation/1.1/activation-1.1.jar:/Users/nancyd/.m2/repository/commons-codec/commons-codec/1.3/commons-codec-1.3.jar:/Users/nancyd/.m2/repository/joda-time/joda-time/1.6/joda-time-1.6.jar:/Users/nancyd/.m2/repository/org/slf4j/slf4j-log4j12/1.5.11/slf4j-log4j12-1.5.11.jar:/Users/nancyd/.m2/repository/net/liftweb/lift-testkit/2.0-scala280-SNAPSHOT/lift-testkit-2.0-scala280-SNAPSHOT.jar:/Users/nancyd/.m2/repository/commons-httpclient/commons-httpclient/3.1/commons-httpclient-3.1.jar:/Users/nancyd/.m2/repository/commons-logging/commons-logging/1.0.4/commons-logging-1.0.4.jar:/Users/nancyd/.m2/repository/commons-fileupload/commons-fileupload/1.2.1/commons-fileupload-1.2.1.jar:/Users/nancyd/.m2/repository/com/h2database/h2/1.2.134/h2-1.2.134.jar:/Users/nancyd/.m2/repository/org/apache/derby/derby/10.5.3.0_1/derby-10.5.3.0_1.jar:/Users/nancyd/.m2/repository/javax/servlet/servlet-api/2.5/servlet-api-2.5.jar:/Users/nancyd/.m2/repository/junit/junit/4.7/junit-4.7.jar:/Users/nancyd/.m2/repository/org/mortbay/jetty/jetty/6.1.26/jetty-6.1.26.jar:/Users/nancyd/.m2/repository/org/mortbay/jetty/jetty-util/6.1.26/jetty-util-6.1.26.jar:/Users/nancyd/.m2/repository/org/mortbay/jetty/servlet-api/2.5-20081211/servlet-api-2.5-20081211.jar:/Users/nancyd/.m2/repository/org/scala-lang/scala-compiler/2.8.0.RC6/scala-compiler-2.8.0.RC6.jar:"/>
    <property name="java.vm.specification.version" value="1.0"/>
    <property name="sun.arch.data.model" value="64"/>
    <property name="java.home" value="/System/Library/Java/JavaVirtualMachines/1.6.0.jdk/Contents/Home"/>
    <property name="java.specification.vendor" value="Sun Microsystems Inc."/>
    <property name="user.language" value="en"/>
    <property name="awt.toolkit" value="apple.awt.CToolkit"/>
    <property name="java.vm.info" value="mixed mode"/>
    <property name="java.version" value="1.6.0_22"/>
    <property name="java.ext.dirs" value="/Library/Java/Extensions:/System/Library/Java/Extensions:/System/Library/Java/JavaVirtualMachines/1.6.0.jdk/Contents/Home/lib/ext"/>
    <property name="sun.boot.class.path" value="/System/Library/Java/JavaVirtualMachines/1.6.0.jdk/Contents/Classes/jsfd.jar:/System/Library/Java/JavaVirtualMachines/1.6.0.jdk/Contents/Classes/classes.jar:/System/Library/Frameworks/JavaVM.framework/Frameworks/JavaRuntimeSupport.framework/Resources/Java/JavaRuntimeSupport.jar:/System/Library/Java/JavaVirtualMachines/1.6.0.jdk/Contents/Classes/ui.jar:/System/Library/Java/JavaVirtualMachines/1.6.0.jdk/Contents/Classes/laf.jar:/System/Library/Java/JavaVirtualMachines/1.6.0.jdk/Contents/Classes/sunrsasign.jar:/System/Library/Java/JavaVirtualMachines/1.6.0.jdk/Contents/Classes/jsse.jar:/System/Library/Java/JavaVirtualMachines/1.6.0.jdk/Contents/Classes/jce.jar:/System/Library/Java/JavaVirtualMachines/1.6.0.jdk/Contents/Classes/charsets.jar"/>
    <property name="java.vendor" value="Apple Inc."/>
    <property name="localRepository" value="/Users/nancyd/.m2/repository"/>
    <property name="file.separator" value="/"/>
    <property name="java.vendor.url.bug" value="http://bugreport.apple.com/"/>
    <property name="sun.cpu.endian" value="little"/>
    <property name="sun.io.unicode.encoding" value="UnicodeLittle"/>
    <property name="mrj.version" value="1060.1.6.0_22-307"/>
    <property name="socksNonProxyHosts" value="local|*.local|169.254/16|*.169.254/16"/>
    <property name="ftp.nonProxyHosts" value="local|*.local|169.254/16|*.169.254/16"/>
    <property name="sun.cpu.isalist" value=""/>
  </properties>
  <testcase time="0" classname="com.nancydeschenes.AppTest" name="testOK"/>
  <testcase time="0.182" classname="com.nancydeschenes.AppTest" name="testXml"/>
</testsuite>